2020-08-14T09:51:31.739Z - normal: Load ~/.CocosCreator/settings.json
2020-08-14T09:51:31.787Z - normal: Initializing Asset Database
2020-08-14T09:51:31.799Z - normal: checking language setting...
2020-08-14T09:51:31.800Z - normal: Language: zh
2020-08-14T09:51:33.307Z - success: preview server running at http://localhost:7456
2020-08-14T09:51:33.313Z - success: protocol editor-framework registered
2020-08-14T09:51:33.313Z - success: protocol app registered
2020-08-14T09:51:33.313Z - success: protocol theme registered
2020-08-14T09:51:33.313Z - success: protocol packages registered
2020-08-14T09:51:33.313Z - success: protocol uuid registerred
2020-08-14T09:51:33.313Z - success: protocol db registerred
2020-08-14T09:51:33.314Z - success: protocol thumbnail registerred
2020-08-14T09:51:33.314Z - success: protocol unpack registerred
2020-08-14T09:51:33.314Z - success: protocol disable-commonjs registerred
2020-08-14T09:51:33.497Z - normal: connected!
2020-08-14T09:51:33.500Z - normal: Check project D:\coco\CocosCreate___Project\start_project
2020-08-14T09:51:33.505Z - normal: Initializing project D:\coco\CocosCreate___Project\start_project
2020-08-14T09:51:33.561Z - success: adapters loaded
2020-08-14T09:51:33.590Z - success: asset-db-debugger loaded
2020-08-14T09:51:33.682Z - success: fb-audience-network loaded
2020-08-14T09:51:33.765Z - success: fb-live-stream loaded
2020-08-14T09:51:33.812Z - success: google-play-instant loaded
2020-08-14T09:51:33.824Z - success: huawei-adapter loaded
2020-08-14T09:51:33.833Z - success: jkw-adapter loaded
2020-08-14T09:51:33.843Z - success: jsb-adapter loaded
2020-08-14T09:51:33.852Z - success: oppo-adapter loaded
2020-08-14T09:51:33.880Z - success: package-manager loaded
2020-08-14T09:51:33.889Z - success: qtt-adapter loaded
2020-08-14T09:51:33.924Z - success: runtime-dev-tools loaded
2020-08-14T09:51:33.964Z - success: sdkbox loaded
2020-08-14T09:51:33.990Z - success: ui-kit-preview-extra loaded
2020-08-14T09:51:34.015Z - success: ui-kit-preview loaded
2020-08-14T09:51:34.025Z - success: vivo-adapter loaded
2020-08-14T09:51:34.688Z - success: alipay-minigame loaded
2020-08-14T09:51:34.746Z - success: assets loaded
2020-08-14T09:51:34.749Z - success: baidugame-opendata loaded
2020-08-14T09:51:34.750Z - success: baidugame loaded
2020-08-14T09:51:34.753Z - success: builder loaded
2020-08-14T09:51:34.897Z - success: cocos-services loaded
2020-08-14T09:51:34.904Z - success: console loaded
2020-08-14T09:51:34.906Z - success: curve-editor loaded
2020-08-14T09:51:34.916Z - success: fb-instant-games loaded
2020-08-14T09:51:34.917Z - success: game-window loaded
2020-08-14T09:51:34.918Z - success: google-instant-games loaded
2020-08-14T09:51:34.920Z - success: hierarchy loaded
2020-08-14T09:51:34.922Z - success: huawei-runtime loaded
2020-08-14T09:51:34.924Z - success: inspector loaded
2020-08-14T09:51:34.977Z - success: cpk-publish loaded
2020-08-14T09:51:34.977Z - success: keystore loaded
2020-08-14T09:51:34.985Z - success: node-library loaded
2020-08-14T09:51:34.985Z - success: open-recent-items loaded
2020-08-14T09:51:34.988Z - success: oppo-runtime loaded
2020-08-14T09:51:34.989Z - success: package-asset loaded
2020-08-14T09:51:34.989Z - success: preferences loaded
2020-08-14T09:51:34.990Z - success: project-importer loaded
2020-08-14T09:51:34.991Z - success: project-settings loaded
2020-08-14T09:51:35.002Z - success: qtt-runtime loaded
2020-08-14T09:51:35.004Z - success: scene loaded
2020-08-14T09:51:35.005Z - success: simulator-debugger loaded
2020-08-14T09:51:35.005Z - success: sprite-editor loaded
2020-08-14T09:51:35.006Z - success: store loaded
2020-08-14T09:51:35.008Z - success: timeline loaded
2020-08-14T09:51:35.011Z - success: vivo-runtime loaded
2020-08-14T09:51:35.013Z - success: wechatgame-opendata loaded
2020-08-14T09:51:35.015Z - success: wechatgame loaded
2020-08-14T09:51:35.017Z - success: xiaomi-runtime loaded
2020-08-14T09:51:36.301Z - normal: Initializing Cocos2d
2020-08-14T09:51:40.957Z - normal: Initializing engine extends
2020-08-14T09:51:44.465Z - info: Cocos Service load base data!
2020-08-14T09:51:55.084Z - normal: Loading packages
2020-08-14T09:51:55.090Z - normal: Watching packages
2020-08-14T09:51:56.003Z - normal: Run Application
2020-08-14T09:53:24.478Z - info: shutdown preview server
