2020-08-14T03:45:28.901Z - normal: Load ~/.CocosCreator/settings.json
2020-08-14T03:45:28.967Z - normal: Initializing Asset Database
2020-08-14T03:45:28.988Z - normal: checking language setting...
2020-08-14T03:45:28.988Z - normal: Language: zh
2020-08-14T03:45:30.192Z - success: preview server running at http://localhost:7456
2020-08-14T03:45:30.206Z - success: protocol editor-framework registered
2020-08-14T03:45:30.206Z - success: protocol app registered
2020-08-14T03:45:30.206Z - success: protocol theme registered
2020-08-14T03:45:30.207Z - success: protocol packages registered
2020-08-14T03:45:30.207Z - success: protocol uuid registerred
2020-08-14T03:45:30.207Z - success: protocol db registerred
2020-08-14T03:45:30.207Z - success: protocol thumbnail registerred
2020-08-14T03:45:30.208Z - success: protocol unpack registerred
2020-08-14T03:45:30.208Z - success: protocol disable-commonjs registerred
2020-08-14T03:45:30.386Z - normal: connected!
2020-08-14T03:45:30.390Z - normal: Check project E:\cocoscreator\start_project
2020-08-14T03:45:30.399Z - normal: Initializing project E:\cocoscreator\start_project
2020-08-14T03:45:30.462Z - success: adapters loaded
2020-08-14T03:45:30.471Z - success: asset-db-debugger loaded
2020-08-14T03:45:30.581Z - success: fb-audience-network loaded
2020-08-14T03:45:30.610Z - success: fb-live-stream loaded
2020-08-14T03:45:30.613Z - success: google-play-instant loaded
2020-08-14T03:45:30.613Z - success: huawei-adapter loaded
2020-08-14T03:45:30.614Z - success: jkw-adapter loaded
2020-08-14T03:45:30.614Z - success: jsb-adapter loaded
2020-08-14T03:45:30.615Z - success: oppo-adapter loaded
2020-08-14T03:45:30.618Z - success: package-manager loaded
2020-08-14T03:45:30.618Z - success: qtt-adapter loaded
2020-08-14T03:45:30.620Z - success: runtime-dev-tools loaded
2020-08-14T03:45:30.624Z - success: sdkbox loaded
2020-08-14T03:45:30.627Z - success: ui-kit-preview-extra loaded
2020-08-14T03:45:30.629Z - success: ui-kit-preview loaded
2020-08-14T03:45:30.629Z - success: vivo-adapter loaded
2020-08-14T03:45:30.681Z - success: alipay-minigame loaded
2020-08-14T03:45:30.736Z - success: assets loaded
2020-08-14T03:45:30.738Z - success: baidugame-opendata loaded
2020-08-14T03:45:30.740Z - success: baidugame loaded
2020-08-14T03:45:30.742Z - success: builder loaded
2020-08-14T03:45:30.889Z - success: cocos-services loaded
2020-08-14T03:45:30.892Z - success: console loaded
2020-08-14T03:45:30.894Z - success: curve-editor loaded
2020-08-14T03:45:30.905Z - success: fb-instant-games loaded
2020-08-14T03:45:30.906Z - success: game-window loaded
2020-08-14T03:45:30.907Z - success: google-instant-games loaded
2020-08-14T03:45:30.909Z - success: hierarchy loaded
2020-08-14T03:45:30.912Z - success: huawei-runtime loaded
2020-08-14T03:45:30.914Z - success: inspector loaded
2020-08-14T03:45:30.988Z - success: cpk-publish loaded
2020-08-14T03:45:30.988Z - success: keystore loaded
2020-08-14T03:45:30.996Z - success: node-library loaded
2020-08-14T03:45:30.997Z - success: open-recent-items loaded
2020-08-14T03:45:30.999Z - success: oppo-runtime loaded
2020-08-14T03:45:31.001Z - success: package-asset loaded
2020-08-14T03:45:31.002Z - success: preferences loaded
2020-08-14T03:45:31.003Z - success: project-importer loaded
2020-08-14T03:45:31.004Z - success: project-settings loaded
2020-08-14T03:45:31.017Z - success: qtt-runtime loaded
2020-08-14T03:45:31.020Z - success: scene loaded
2020-08-14T03:45:31.021Z - success: simulator-debugger loaded
2020-08-14T03:45:31.021Z - success: sprite-editor loaded
2020-08-14T03:45:31.049Z - success: store loaded
2020-08-14T03:45:31.052Z - success: timeline loaded
2020-08-14T03:45:31.057Z - success: vivo-runtime loaded
2020-08-14T03:45:31.060Z - success: wechatgame-opendata loaded
2020-08-14T03:45:31.063Z - success: wechatgame loaded
2020-08-14T03:45:31.067Z - success: xiaomi-runtime loaded
2020-08-14T03:45:31.305Z - success: im-plugin loaded
2020-08-14T03:45:32.437Z - info: Cocos Service load base data!
2020-08-14T03:45:32.816Z - normal: Initializing Cocos2d
2020-08-14T03:45:33.198Z - normal: Initializing engine extends
2020-08-14T03:45:38.818Z - normal: Loading packages
2020-08-14T03:45:38.835Z - normal: Watching packages
2020-08-14T03:45:38.972Z - normal: Run Application
2020-08-14T04:36:38.488Z - info: shutdown preview server
