2020-08-16T08:50:39.534Z - normal: Load ~/.CocosCreator/settings.json
2020-08-16T08:50:39.588Z - normal: Initializing Asset Database
2020-08-16T08:50:39.591Z - normal: checking language setting...
2020-08-16T08:50:39.591Z - normal: Language: zh
2020-08-16T08:50:40.583Z - success: preview server running at http://localhost:7456
2020-08-16T08:50:40.590Z - success: protocol editor-framework registered
2020-08-16T08:50:40.590Z - success: protocol app registered
2020-08-16T08:50:40.590Z - success: protocol theme registered
2020-08-16T08:50:40.590Z - success: protocol packages registered
2020-08-16T08:50:40.591Z - success: protocol uuid registerred
2020-08-16T08:50:40.591Z - success: protocol db registerred
2020-08-16T08:50:40.591Z - success: protocol thumbnail registerred
2020-08-16T08:50:40.591Z - success: protocol unpack registerred
2020-08-16T08:50:40.591Z - success: protocol disable-commonjs registerred
2020-08-16T08:50:40.866Z - normal: connected!
2020-08-16T08:50:40.867Z - normal: Check project E:\gitworkspace\MiniGames\star
2020-08-16T08:50:40.870Z - normal: Initializing project E:\gitworkspace\MiniGames\star
2020-08-16T08:50:40.888Z - success: adapters loaded
2020-08-16T08:50:40.891Z - success: asset-db-debugger loaded
2020-08-16T08:50:40.973Z - success: fb-audience-network loaded
2020-08-16T08:50:41.004Z - success: fb-live-stream loaded
2020-08-16T08:50:41.007Z - success: google-play-instant loaded
2020-08-16T08:50:41.007Z - success: huawei-adapter loaded
2020-08-16T08:50:41.008Z - success: jkw-adapter loaded
2020-08-16T08:50:41.008Z - success: jsb-adapter loaded
2020-08-16T08:50:41.009Z - success: oppo-adapter loaded
2020-08-16T08:50:41.012Z - success: package-manager loaded
2020-08-16T08:50:41.013Z - success: qtt-adapter loaded
2020-08-16T08:50:41.015Z - success: runtime-dev-tools loaded
2020-08-16T08:50:41.020Z - success: sdkbox loaded
2020-08-16T08:50:41.023Z - success: ui-kit-preview-extra loaded
2020-08-16T08:50:41.025Z - success: ui-kit-preview loaded
2020-08-16T08:50:41.025Z - success: vivo-adapter loaded
2020-08-16T08:50:41.082Z - success: alipay-minigame loaded
2020-08-16T08:50:41.134Z - success: assets loaded
2020-08-16T08:50:41.138Z - success: baidugame-opendata loaded
2020-08-16T08:50:41.141Z - success: baidugame loaded
2020-08-16T08:50:41.144Z - success: builder loaded
2020-08-16T08:50:41.307Z - success: cocos-services loaded
2020-08-16T08:50:41.310Z - success: console loaded
2020-08-16T08:50:41.312Z - success: curve-editor loaded
2020-08-16T08:50:41.324Z - success: fb-instant-games loaded
2020-08-16T08:50:41.326Z - success: game-window loaded
2020-08-16T08:50:41.327Z - success: google-instant-games loaded
2020-08-16T08:50:41.330Z - success: hierarchy loaded
2020-08-16T08:50:41.334Z - success: huawei-runtime loaded
2020-08-16T08:50:41.336Z - success: inspector loaded
2020-08-16T08:50:41.422Z - success: cpk-publish loaded
2020-08-16T08:50:41.423Z - success: keystore loaded
2020-08-16T08:50:41.431Z - success: node-library loaded
2020-08-16T08:50:41.432Z - success: open-recent-items loaded
2020-08-16T08:50:41.435Z - success: oppo-runtime loaded
2020-08-16T08:50:41.436Z - success: package-asset loaded
2020-08-16T08:50:41.437Z - success: preferences loaded
2020-08-16T08:50:41.438Z - success: project-importer loaded
2020-08-16T08:50:41.439Z - success: project-settings loaded
2020-08-16T08:50:41.452Z - success: qtt-runtime loaded
2020-08-16T08:50:41.455Z - success: scene loaded
2020-08-16T08:50:41.456Z - success: simulator-debugger loaded
2020-08-16T08:50:41.456Z - success: sprite-editor loaded
2020-08-16T08:50:41.484Z - success: store loaded
2020-08-16T08:50:41.486Z - success: timeline loaded
2020-08-16T08:50:41.490Z - success: vivo-runtime loaded
2020-08-16T08:50:41.492Z - success: wechatgame-opendata loaded
2020-08-16T08:50:41.496Z - success: wechatgame loaded
2020-08-16T08:50:41.499Z - success: xiaomi-runtime loaded
2020-08-16T08:50:41.776Z - success: im-plugin loaded
2020-08-16T08:50:43.157Z - normal: Initializing Cocos2d
2020-08-16T08:50:43.523Z - normal: Initializing engine extends
2020-08-16T08:50:43.830Z - info: Cocos Service load base data!
2020-08-16T08:50:47.836Z - normal: Loading packages
2020-08-16T08:50:47.841Z - normal: Watching packages
2020-08-16T08:50:47.899Z - normal: Run Application
2020-08-16T08:54:59.424Z - info: shutdown preview server
